c:\users\chris\source\repos\431 quiz 2\431 quiz 2\debug\431 quiz 2.pch
c:\users\chris\source\repos\431 quiz 2\431 quiz 2\debug\vc141.pdb
c:\users\chris\source\repos\431 quiz 2\431 quiz 2\debug\vc141.idb
c:\users\chris\source\repos\431 quiz 2\431 quiz 2\debug\pch.obj
c:\users\chris\source\repos\431 quiz 2\431 quiz 2\debug\main.obj
c:\users\chris\source\repos\431 quiz 2\431 quiz 2\debug\431 quiz 2.res
c:\users\chris\source\repos\431 quiz 2\debug\431 quiz 2.pdb
c:\users\chris\source\repos\431 quiz 2\431 quiz 2\debug\431 quiz 2.tlog\cl.command.1.tlog
c:\users\chris\source\repos\431 quiz 2\431 quiz 2\debug\431 quiz 2.tlog\cl.read.1.tlog
c:\users\chris\source\repos\431 quiz 2\431 quiz 2\debug\431 quiz 2.tlog\cl.write.1.tlog
c:\users\chris\source\repos\431 quiz 2\431 quiz 2\debug\431 quiz 2.tlog\link-cvtres.read.1.tlog
c:\users\chris\source\repos\431 quiz 2\431 quiz 2\debug\431 quiz 2.tlog\link-cvtres.write.1.tlog
c:\users\chris\source\repos\431 quiz 2\431 quiz 2\debug\431 quiz 2.tlog\link-rc.read.1.tlog
c:\users\chris\source\repos\431 quiz 2\431 quiz 2\debug\431 quiz 2.tlog\link-rc.write.1.tlog
c:\users\chris\source\repos\431 quiz 2\431 quiz 2\debug\431 quiz 2.tlog\link.command.1.tlog
c:\users\chris\source\repos\431 quiz 2\431 quiz 2\debug\431 quiz 2.tlog\link.read.1.tlog
c:\users\chris\source\repos\431 quiz 2\431 quiz 2\debug\431 quiz 2.tlog\link.write.1.tlog
c:\users\chris\source\repos\431 quiz 2\431 quiz 2\debug\431 quiz 2.tlog\rc.command.1.tlog
c:\users\chris\source\repos\431 quiz 2\431 quiz 2\debug\431 quiz 2.tlog\rc.read.1.tlog
c:\users\chris\source\repos\431 quiz 2\431 quiz 2\debug\431 quiz 2.tlog\rc.write.1.tlog
